{"synthetic": false,
 "schemaVersion": "2025-09-10",
 "outputs":
 {"o": ["05c390ad1d2a320a.olean"],
  "i": "f6d02fbf927de4c6.ilean",
  "c": "4dc4ac73caf3d792.c"},
 "log":
 [{"message":
   ".> LEAN_PATH=C:\\Users\\admin\\OneDrive\\Desktop\\CoAI Operandics Discovery Engine\\coai_project\\.lake\\packages\\Cli\\.lake\\build\\lib\\lean;C:\\Users\\admin\\OneDrive\\Desktop\\CoAI Operandics Discovery Engine\\coai_project\\.lake\\packages\\batteries\\.lake\\build\\lib\\lean;C:\\Users\\admin\\OneDrive\\Desktop\\CoAI Operandics Discovery Engine\\coai_project\\.lake\\packages\\Qq\\.lake\\build\\lib\\lean;C:\\Users\\admin\\OneDrive\\Desktop\\CoAI Operandics Discovery Engine\\coai_project\\.lake\\packages\\aesop\\.lake\\build\\lib\\lean;C:\\Users\\admin\\OneDrive\\Desktop\\CoAI Operandics Discovery Engine\\coai_project\\.lake\\packages\\proofwidgets\\.lake\\build\\lib\\lean;C:\\Users\\admin\\OneDrive\\Desktop\\CoAI Operandics Discovery Engine\\coai_project\\.lake\\packages\\importGraph\\.lake\\build\\lib\\lean;C:\\Users\\admin\\OneDrive\\Desktop\\CoAI Operandics Discovery Engine\\coai_project\\.lake\\packages\\LeanSearchClient\\.lake\\build\\lib\\lean;C:\\Users\\admin\\OneDrive\\Desktop\\CoAI Operandics Discovery Engine\\coai_project\\.lake\\packages\\plausible\\.lake\\build\\lib\\lean;C:\\Users\\admin\\OneDrive\\Desktop\\CoAI Operandics Discovery Engine\\coai_project\\.lake\\packages\\mathlib\\.lake\\build\\lib\\lean;C:\\Users\\admin\\OneDrive\\Desktop\\CoAI Operandics Discovery Engine\\coai_project\\.lake\\build\\lib\\lean c:\\Users\\admin\\.elan\\toolchains\\leanprover--lean4---v4.29.0-rc1\\bin\\lean.exe C:\\Users\\admin\\OneDrive\\Desktop\\CoAI Operandics Discovery Engine\\coai_project\\CoAI\\ExpectedRouting.lean -o C:\\Users\\admin\\OneDrive\\Desktop\\CoAI Operandics Discovery Engine\\coai_project\\.lake\\build\\lib\\lean\\CoAI\\ExpectedRouting.olean -i C:\\Users\\admin\\OneDrive\\Desktop\\CoAI Operandics Discovery Engine\\coai_project\\.lake\\build\\lib\\lean\\CoAI\\ExpectedRouting.ilean -c C:\\Users\\admin\\OneDrive\\Desktop\\CoAI Operandics Discovery Engine\\coai_project\\.lake\\build\\ir\\CoAI\\ExpectedRouting.c --setup C:\\Users\\admin\\OneDrive\\Desktop\\CoAI Operandics Discovery Engine\\coai_project\\.lake\\build\\ir\\CoAI\\ExpectedRouting.setup.json --json",
   "level": "trace"},
  {"message":
   "CoAI/ExpectedRouting.lean:47:0: automatically included section variable(s) unused in theorem `ExpectedRouting.linear_attn_unbiased`:\n  [Fintype D]\n  [Fintype Dv]\n  [DecidableEq N]\n  [DecidableEq D]\n  [DecidableEq R]\n  [DecidableEq Dv]\nconsider restructuring your `variable` declarations so that the variables are not in scope or explicitly omit them:\n  omit [Fintype D] [Fintype Dv] [DecidableEq N] [DecidableEq D] [DecidableEq R] [DecidableEq Dv] in theorem ...\n\nNote: This linter can be disabled with `set_option linter.unusedSectionVars false`",
   "level": "warning"}],
 "inputs":
 [["CoAI.ExpectedRouting:deps",
   [["deps",
     [["coai/CoAI:extraDep", [["@coai:extraDep", "00000000000006bb"]]],
      ["imports",
       [["Mathlib.Data.Matrix.Basic transitive imports (legacy)",
         "9033b53197c11ce0"],
        ["Mathlib.Data.Matrix.Basic:importAllArts", "bf7e6c8fa6d6be52"],
        ["CoAI.LinearRouting transitive imports (legacy)", "36770582f9f5a788"],
        ["CoAI.LinearRouting:importAllArts", "99eff9a6642bfa4e"]]]]],
    ["libs",
     [["import dynlibs", "00000000000006bb"],
      ["package external libraries", "00000000000006bb"],
      ["module dynlibs", "00000000000006bb"],
      ["module plugins", "00000000000006bb"]]]]],
  ["Lean 4.29.0, commit 985f350dcd18fc7814dfa677cac09933f44f3215",
   "25953b0996e8f9b7"],
  ["C:\\Users\\admin\\OneDrive\\Desktop\\CoAI Operandics Discovery Engine\\coai_project\\CoAI\\ExpectedRouting.lean",
   "e1f5a4494748e7be"],
  ["options", "00000000000006bb"],
  ["isModule: false", "feefd2a0d3a1847e"],
  ["Module.name: CoAI.ExpectedRouting", "0c1c6d0bd3f45dbe"],
  ["Package.id?: (some coai)", "d15b25c50806f227"],
  ["Module.leanArgs: #[]", "00000000000006bb"]],
 "depHash": "3a3cbcc822041c22"}