{"synthetic": false,
 "schemaVersion": "2025-09-10",
 "outputs":
 {"o": ["1d81891b6b062892.olean"],
  "i": "41f9dcc42d95df08.ilean",
  "c": "569c5365ca4b497f.c"},
 "log":
 [{"message":
   ".> LEAN_PATH=C:\\Users\\admin\\OneDrive\\Desktop\\CoAI Operandics Discovery Engine\\coai_project_experimental\\.lake\\packages\\Cli\\.lake\\build\\lib\\lean;C:\\Users\\admin\\OneDrive\\Desktop\\CoAI Operandics Discovery Engine\\coai_project_experimental\\.lake\\packages\\batteries\\.lake\\build\\lib\\lean;C:\\Users\\admin\\OneDrive\\Desktop\\CoAI Operandics Discovery Engine\\coai_project_experimental\\.lake\\packages\\Qq\\.lake\\build\\lib\\lean;C:\\Users\\admin\\OneDrive\\Desktop\\CoAI Operandics Discovery Engine\\coai_project_experimental\\.lake\\packages\\aesop\\.lake\\build\\lib\\lean;C:\\Users\\admin\\OneDrive\\Desktop\\CoAI Operandics Discovery Engine\\coai_project_experimental\\.lake\\packages\\proofwidgets\\.lake\\build\\lib\\lean;C:\\Users\\admin\\OneDrive\\Desktop\\CoAI Operandics Discovery Engine\\coai_project_experimental\\.lake\\packages\\importGraph\\.lake\\build\\lib\\lean;C:\\Users\\admin\\OneDrive\\Desktop\\CoAI Operandics Discovery Engine\\coai_project_experimental\\.lake\\packages\\LeanSearchClient\\.lake\\build\\lib\\lean;C:\\Users\\admin\\OneDrive\\Desktop\\CoAI Operandics Discovery Engine\\coai_project_experimental\\.lake\\packages\\plausible\\.lake\\build\\lib\\lean;C:\\Users\\admin\\OneDrive\\Desktop\\CoAI Operandics Discovery Engine\\coai_project_experimental\\.lake\\packages\\mathlib\\.lake\\build\\lib\\lean;C:\\Users\\admin\\OneDrive\\Desktop\\CoAI Operandics Discovery Engine\\coai_project_experimental\\.lake\\build\\lib\\lean c:\\Users\\admin\\.elan\\toolchains\\leanprover--lean4---v4.29.0-rc1\\bin\\lean.exe C:\\Users\\admin\\OneDrive\\Desktop\\CoAI Operandics Discovery Engine\\coai_project_experimental\\CoAI\\FavorSubGaussian.lean -o C:\\Users\\admin\\OneDrive\\Desktop\\CoAI Operandics Discovery Engine\\coai_project_experimental\\.lake\\build\\lib\\lean\\CoAI\\FavorSubGaussian.olean -i C:\\Users\\admin\\OneDrive\\Desktop\\CoAI Operandics Discovery Engine\\coai_project_experimental\\.lake\\build\\lib\\lean\\CoAI\\FavorSubGaussian.ilean -c C:\\Users\\admin\\OneDrive\\Desktop\\CoAI Operandics Discovery Engine\\coai_project_experimental\\.lake\\build\\ir\\CoAI\\FavorSubGaussian.c --setup C:\\Users\\admin\\OneDrive\\Desktop\\CoAI Operandics Discovery Engine\\coai_project_experimental\\.lake\\build\\ir\\CoAI\\FavorSubGaussian.setup.json --json",
   "level": "trace"},
  {"message":
   "CoAI/FavorSubGaussian.lean:42:0: automatically included section variable(s) unused in theorem `CoAI.SubGaussian.right_tail`:\n  [IsProbabilityMeasure μ]\nconsider restructuring your `variable` declarations so that the variables are not in scope or explicitly omit them:\n  omit [IsProbabilityMeasure μ] in theorem ...\n\nNote: This linter can be disabled with `set_option linter.unusedSectionVars false`",
   "level": "warning"}],
 "inputs":
 [["CoAI.FavorSubGaussian:deps",
   [["deps",
     [["coai/CoAI:extraDep", [["@coai:extraDep", "00000000000006bb"]]],
      ["imports",
       [["Mathlib.Probability.Moments.SubGaussian transitive imports (legacy)",
         "36df90e3db5a7378"],
        ["Mathlib.Probability.Moments.SubGaussian:importAllArts",
         "0a26d96cd6dbf806"],
        ["Mathlib.Probability.Notation transitive imports (legacy)",
         "67a3854f808c32d4"],
        ["Mathlib.Probability.Notation:importAllArts", "f4dc4d379115b5fa"],
        ["Mathlib.Analysis.SpecialFunctions.Exponential transitive imports (legacy)",
         "1b7f6a6603e9874e"],
        ["Mathlib.Analysis.SpecialFunctions.Exponential:importAllArts",
         "bbd066692f5e1877"],
        ["Mathlib.Tactic.Positivity transitive imports (legacy)",
         "c8e2a7b8b988bc3c"],
        ["Mathlib.Tactic.Positivity:importAllArts", "47b576a8511f563d"],
        ["Mathlib.Tactic.Linarith transitive imports (legacy)",
         "d4e050d39cfb7339"],
        ["Mathlib.Tactic.Linarith:importAllArts", "1e65c60dc1c38884"]]]]],
    ["libs",
     [["import dynlibs", "00000000000006bb"],
      ["package external libraries", "00000000000006bb"],
      ["module dynlibs", "00000000000006bb"],
      ["module plugins", "00000000000006bb"]]]]],
  ["Lean 4.29.0, commit 985f350dcd18fc7814dfa677cac09933f44f3215",
   "25953b0996e8f9b7"],
  ["C:\\Users\\admin\\OneDrive\\Desktop\\CoAI Operandics Discovery Engine\\coai_project_experimental\\CoAI\\FavorSubGaussian.lean",
   "48200ca520c586cd"],
  ["options", "00000000000006bb"],
  ["isModule: false", "feefd2a0d3a1847e"],
  ["Module.name: CoAI.FavorSubGaussian", "7c838f295381e2e0"],
  ["Package.id?: (some coai)", "d15b25c50806f227"],
  ["Module.leanArgs: #[]", "00000000000006bb"]],
 "depHash": "249c81f212db08e8"}