{"synthetic": false,
 "schemaVersion": "2025-09-10",
 "outputs":
 {"o": ["9b127be959652c13.olean"],
  "i": "4252e8eeb58fb679.ilean",
  "c": "354dd481c1207782.c"},
 "log":
 [{"message":
   ".> LEAN_PATH=C:\\Users\\admin\\OneDrive\\Desktop\\CoAI Operandics Discovery Engine\\coai_project_experimental\\.lake\\packages\\Cli\\.lake\\build\\lib\\lean;C:\\Users\\admin\\OneDrive\\Desktop\\CoAI Operandics Discovery Engine\\coai_project_experimental\\.lake\\packages\\batteries\\.lake\\build\\lib\\lean;C:\\Users\\admin\\OneDrive\\Desktop\\CoAI Operandics Discovery Engine\\coai_project_experimental\\.lake\\packages\\Qq\\.lake\\build\\lib\\lean;C:\\Users\\admin\\OneDrive\\Desktop\\CoAI Operandics Discovery Engine\\coai_project_experimental\\.lake\\packages\\aesop\\.lake\\build\\lib\\lean;C:\\Users\\admin\\OneDrive\\Desktop\\CoAI Operandics Discovery Engine\\coai_project_experimental\\.lake\\packages\\proofwidgets\\.lake\\build\\lib\\lean;C:\\Users\\admin\\OneDrive\\Desktop\\CoAI Operandics Discovery Engine\\coai_project_experimental\\.lake\\packages\\importGraph\\.lake\\build\\lib\\lean;C:\\Users\\admin\\OneDrive\\Desktop\\CoAI Operandics Discovery Engine\\coai_project_experimental\\.lake\\packages\\LeanSearchClient\\.lake\\build\\lib\\lean;C:\\Users\\admin\\OneDrive\\Desktop\\CoAI Operandics Discovery Engine\\coai_project_experimental\\.lake\\packages\\plausible\\.lake\\build\\lib\\lean;C:\\Users\\admin\\OneDrive\\Desktop\\CoAI Operandics Discovery Engine\\coai_project_experimental\\.lake\\packages\\mathlib\\.lake\\build\\lib\\lean;C:\\Users\\admin\\OneDrive\\Desktop\\CoAI Operandics Discovery Engine\\coai_project_experimental\\.lake\\build\\lib\\lean c:\\Users\\admin\\.elan\\toolchains\\leanprover--lean4---v4.29.0-rc1\\bin\\lean.exe C:\\Users\\admin\\OneDrive\\Desktop\\CoAI Operandics Discovery Engine\\coai_project_experimental\\CoAI\\GaussianCharFun.lean -o C:\\Users\\admin\\OneDrive\\Desktop\\CoAI Operandics Discovery Engine\\coai_project_experimental\\.lake\\build\\lib\\lean\\CoAI\\GaussianCharFun.olean -i C:\\Users\\admin\\OneDrive\\Desktop\\CoAI Operandics Discovery Engine\\coai_project_experimental\\.lake\\build\\lib\\lean\\CoAI\\GaussianCharFun.ilean -c C:\\Users\\admin\\OneDrive\\Desktop\\CoAI Operandics Discovery Engine\\coai_project_experimental\\.lake\\build\\ir\\CoAI\\GaussianCharFun.c --setup C:\\Users\\admin\\OneDrive\\Desktop\\CoAI Operandics Discovery Engine\\coai_project_experimental\\.lake\\build\\ir\\CoAI\\GaussianCharFun.setup.json --json",
   "level": "trace"}],
 "inputs":
 [["CoAI.GaussianCharFun:deps",
   [["deps",
     [["coai/CoAI:extraDep", [["@coai:extraDep", "00000000000006bb"]]],
      ["imports",
       [["Mathlib.Probability.Distributions.Gaussian.Real transitive imports (legacy)",
         "7a95380e4897c827"],
        ["Mathlib.Probability.Distributions.Gaussian.Real:importAllArts",
         "0dbde9454d07bb02"],
        ["Mathlib.Analysis.InnerProductSpace.Basic transitive imports (legacy)",
         "7c1981da2a10e22b"],
        ["Mathlib.Analysis.InnerProductSpace.Basic:importAllArts",
         "837dee5fecb45f01"],
        ["Mathlib.Analysis.SpecialFunctions.Trigonometric.Basic transitive imports (legacy)",
         "43604f90df20d72b"],
        ["Mathlib.Analysis.SpecialFunctions.Trigonometric.Basic:importAllArts",
         "7f09dc7876d821f0"],
        ["CoAI.Integrability transitive imports (legacy)", "7cac557a177f780d"],
        ["CoAI.Integrability:importAllArts", "3859afaacb6aa1b9"]]]]],
    ["libs",
     [["import dynlibs", "00000000000006bb"],
      ["package external libraries", "00000000000006bb"],
      ["module dynlibs", "00000000000006bb"],
      ["module plugins", "00000000000006bb"]]]]],
  ["Lean 4.29.0, commit 985f350dcd18fc7814dfa677cac09933f44f3215",
   "25953b0996e8f9b7"],
  ["C:\\Users\\admin\\OneDrive\\Desktop\\CoAI Operandics Discovery Engine\\coai_project_experimental\\CoAI\\GaussianCharFun.lean",
   "9849dbb65ca10a38"],
  ["options", "00000000000006bb"],
  ["isModule: false", "feefd2a0d3a1847e"],
  ["Module.name: CoAI.GaussianCharFun", "44f9f551340da9a9"],
  ["Package.id?: (some coai)", "d15b25c50806f227"],
  ["Module.leanArgs: #[]", "00000000000006bb"]],
 "depHash": "78e90e5ba3744c1c"}