{"synthetic": false,
 "schemaVersion": "2025-09-10",
 "outputs":
 {"o": ["fbec8d765d9cb379.olean"],
  "i": "3945b45765dda479.ilean",
  "c": "1f0dc01664ee0d14.c"},
 "log":
 [{"message":
   ".> LEAN_PATH=C:\\Users\\admin\\OneDrive\\Desktop\\CoAI Operandics Discovery Engine\\coai_project_experimental\\.lake\\packages\\Cli\\.lake\\build\\lib\\lean;C:\\Users\\admin\\OneDrive\\Desktop\\CoAI Operandics Discovery Engine\\coai_project_experimental\\.lake\\packages\\batteries\\.lake\\build\\lib\\lean;C:\\Users\\admin\\OneDrive\\Desktop\\CoAI Operandics Discovery Engine\\coai_project_experimental\\.lake\\packages\\Qq\\.lake\\build\\lib\\lean;C:\\Users\\admin\\OneDrive\\Desktop\\CoAI Operandics Discovery Engine\\coai_project_experimental\\.lake\\packages\\aesop\\.lake\\build\\lib\\lean;C:\\Users\\admin\\OneDrive\\Desktop\\CoAI Operandics Discovery Engine\\coai_project_experimental\\.lake\\packages\\proofwidgets\\.lake\\build\\lib\\lean;C:\\Users\\admin\\OneDrive\\Desktop\\CoAI Operandics Discovery Engine\\coai_project_experimental\\.lake\\packages\\importGraph\\.lake\\build\\lib\\lean;C:\\Users\\admin\\OneDrive\\Desktop\\CoAI Operandics Discovery Engine\\coai_project_experimental\\.lake\\packages\\LeanSearchClient\\.lake\\build\\lib\\lean;C:\\Users\\admin\\OneDrive\\Desktop\\CoAI Operandics Discovery Engine\\coai_project_experimental\\.lake\\packages\\plausible\\.lake\\build\\lib\\lean;C:\\Users\\admin\\OneDrive\\Desktop\\CoAI Operandics Discovery Engine\\coai_project_experimental\\.lake\\packages\\mathlib\\.lake\\build\\lib\\lean;C:\\Users\\admin\\OneDrive\\Desktop\\CoAI Operandics Discovery Engine\\coai_project_experimental\\.lake\\build\\lib\\lean c:\\Users\\admin\\.elan\\toolchains\\leanprover--lean4---v4.29.0-rc1\\bin\\lean.exe C:\\Users\\admin\\OneDrive\\Desktop\\CoAI Operandics Discovery Engine\\coai_project_experimental\\CoAI\\Integrability.lean -o C:\\Users\\admin\\OneDrive\\Desktop\\CoAI Operandics Discovery Engine\\coai_project_experimental\\.lake\\build\\lib\\lean\\CoAI\\Integrability.olean -i C:\\Users\\admin\\OneDrive\\Desktop\\CoAI Operandics Discovery Engine\\coai_project_experimental\\.lake\\build\\lib\\lean\\CoAI\\Integrability.ilean -c C:\\Users\\admin\\OneDrive\\Desktop\\CoAI Operandics Discovery Engine\\coai_project_experimental\\.lake\\build\\ir\\CoAI\\Integrability.c --setup C:\\Users\\admin\\OneDrive\\Desktop\\CoAI Operandics Discovery Engine\\coai_project_experimental\\.lake\\build\\ir\\CoAI\\Integrability.setup.json --json",
   "level": "trace"}],
 "inputs":
 [["CoAI.Integrability:deps",
   [["deps",
     [["coai/CoAI:extraDep", [["@coai:extraDep", "00000000000006bb"]]],
      ["imports",
       [["Mathlib.MeasureTheory.Integral.Bochner.Basic transitive imports (legacy)",
         "8644462c010bcd4c"],
        ["Mathlib.MeasureTheory.Integral.Bochner.Basic:importAllArts",
         "57aa0f6f6ba047be"],
        ["Mathlib.Probability.Independence.Basic transitive imports (legacy)",
         "19bf750ace6395cc"],
        ["Mathlib.Probability.Independence.Basic:importAllArts",
         "4a64666747e3f8bd"],
        ["Mathlib.Analysis.InnerProductSpace.Continuous transitive imports (legacy)",
         "2117ab09cbcf3a5d"],
        ["Mathlib.Analysis.InnerProductSpace.Continuous:importAllArts",
         "7e90c1252369f106"],
        ["Mathlib.Analysis.SpecialFunctions.Trigonometric.Basic transitive imports (legacy)",
         "43604f90df20d72b"],
        ["Mathlib.Analysis.SpecialFunctions.Trigonometric.Basic:importAllArts",
         "7f09dc7876d821f0"],
        ["Mathlib.Analysis.InnerProductSpace.Basic transitive imports (legacy)",
         "7c1981da2a10e22b"],
        ["Mathlib.Analysis.InnerProductSpace.Basic:importAllArts",
         "837dee5fecb45f01"]]]]],
    ["libs",
     [["import dynlibs", "00000000000006bb"],
      ["package external libraries", "00000000000006bb"],
      ["module dynlibs", "00000000000006bb"],
      ["module plugins", "00000000000006bb"]]]]],
  ["Lean 4.29.0, commit 985f350dcd18fc7814dfa677cac09933f44f3215",
   "25953b0996e8f9b7"],
  ["C:\\Users\\admin\\OneDrive\\Desktop\\CoAI Operandics Discovery Engine\\coai_project_experimental\\CoAI\\Integrability.lean",
   "fa1e14ccf9b65648"],
  ["options", "00000000000006bb"],
  ["isModule: false", "feefd2a0d3a1847e"],
  ["Module.name: CoAI.Integrability", "7b91dcd48fba2ed5"],
  ["Package.id?: (some coai)", "d15b25c50806f227"],
  ["Module.leanArgs: #[]", "00000000000006bb"]],
 "depHash": "b57da47506f2b1dc"}