{"synthetic": false,
 "schemaVersion": "2025-09-10",
 "outputs":
 {"o": ["03020ce42d89f641.olean"],
  "i": "2ac58e72154db9b1.ilean",
  "c": "e9f565b26ab35561.c"},
 "log":
 [{"message":
   ".> LEAN_PATH=C:\\Users\\admin\\OneDrive\\Desktop\\CoAI Operandics Discovery Engine\\coai_project_experimental\\.lake\\packages\\Cli\\.lake\\build\\lib\\lean;C:\\Users\\admin\\OneDrive\\Desktop\\CoAI Operandics Discovery Engine\\coai_project_experimental\\.lake\\packages\\batteries\\.lake\\build\\lib\\lean;C:\\Users\\admin\\OneDrive\\Desktop\\CoAI Operandics Discovery Engine\\coai_project_experimental\\.lake\\packages\\Qq\\.lake\\build\\lib\\lean;C:\\Users\\admin\\OneDrive\\Desktop\\CoAI Operandics Discovery Engine\\coai_project_experimental\\.lake\\packages\\aesop\\.lake\\build\\lib\\lean;C:\\Users\\admin\\OneDrive\\Desktop\\CoAI Operandics Discovery Engine\\coai_project_experimental\\.lake\\packages\\proofwidgets\\.lake\\build\\lib\\lean;C:\\Users\\admin\\OneDrive\\Desktop\\CoAI Operandics Discovery Engine\\coai_project_experimental\\.lake\\packages\\importGraph\\.lake\\build\\lib\\lean;C:\\Users\\admin\\OneDrive\\Desktop\\CoAI Operandics Discovery Engine\\coai_project_experimental\\.lake\\packages\\LeanSearchClient\\.lake\\build\\lib\\lean;C:\\Users\\admin\\OneDrive\\Desktop\\CoAI Operandics Discovery Engine\\coai_project_experimental\\.lake\\packages\\plausible\\.lake\\build\\lib\\lean;C:\\Users\\admin\\OneDrive\\Desktop\\CoAI Operandics Discovery Engine\\coai_project_experimental\\.lake\\packages\\mathlib\\.lake\\build\\lib\\lean;C:\\Users\\admin\\OneDrive\\Desktop\\CoAI Operandics Discovery Engine\\coai_project_experimental\\.lake\\build\\lib\\lean c:\\Users\\admin\\.elan\\toolchains\\leanprover--lean4---v4.29.0-rc1\\bin\\lean.exe C:\\Users\\admin\\OneDrive\\Desktop\\CoAI Operandics Discovery Engine\\coai_project_experimental\\CoAI\\NormalizedAttention.lean -o C:\\Users\\admin\\OneDrive\\Desktop\\CoAI Operandics Discovery Engine\\coai_project_experimental\\.lake\\build\\lib\\lean\\CoAI\\NormalizedAttention.olean -i C:\\Users\\admin\\OneDrive\\Desktop\\CoAI Operandics Discovery Engine\\coai_project_experimental\\.lake\\build\\lib\\lean\\CoAI\\NormalizedAttention.ilean -c C:\\Users\\admin\\OneDrive\\Desktop\\CoAI Operandics Discovery Engine\\coai_project_experimental\\.lake\\build\\ir\\CoAI\\NormalizedAttention.c --setup C:\\Users\\admin\\OneDrive\\Desktop\\CoAI Operandics Discovery Engine\\coai_project_experimental\\.lake\\build\\ir\\CoAI\\NormalizedAttention.setup.json --json",
   "level": "trace"},
  {"message":
   "CoAI/NormalizedAttention.lean:112:24: unused variable `hγ`\n\nNote: This linter can be disabled with `set_option linter.unusedVariables false`",
   "level": "warning"},
  {"message":
   "CoAI/NormalizedAttention.lean:309:58: try 'simp' instead of 'simpa'\n\nNote: This linter can be disabled with `set_option linter.unnecessarySimpa false`",
   "level": "warning"},
  {"message":
   "CoAI/NormalizedAttention.lean:257:0: automatically included section variable(s) unused in theorem `StochasticAttention.goodEvent_implies_output_error_bound`:\n  [MeasureSpace Ω]\n  [IsProbabilityMeasure volume]\nconsider restructuring your `variable` declarations so that the variables are not in scope or explicitly omit them:\n  omit [MeasureSpace Ω] [IsProbabilityMeasure volume] in theorem ...\n\nNote: This linter can be disabled with `set_option linter.unusedSectionVars false`",
   "level": "warning"},
  {"message":
   "CoAI/NormalizedAttention.lean:259:15: unused variable `hη`\n\nNote: This linter can be disabled with `set_option linter.unusedVariables false`",
   "level": "warning"},
  {"message":
   "CoAI/NormalizedAttention.lean:262:13: unused variable `hs`\n\nNote: This linter can be disabled with `set_option linter.unusedVariables false`",
   "level": "warning"}],
 "inputs":
 [["CoAI.NormalizedAttention:deps",
   [["deps",
     [["coai/CoAI:extraDep", [["@coai:extraDep", "00000000000006bb"]]],
      ["imports",
       [["Mathlib.Analysis.InnerProductSpace.Basic transitive imports (legacy)",
         "7c1981da2a10e22b"],
        ["Mathlib.Analysis.InnerProductSpace.Basic:importAllArts",
         "837dee5fecb45f01"],
        ["Mathlib.MeasureTheory.Measure.ProbabilityMeasure transitive imports (legacy)",
         "757dda5f56dd0e9f"],
        ["Mathlib.MeasureTheory.Measure.ProbabilityMeasure:importAllArts",
         "d33b42e5446ffa4c"],
        ["Mathlib.Tactic.Positivity transitive imports (legacy)",
         "c8e2a7b8b988bc3c"],
        ["Mathlib.Tactic.Positivity:importAllArts", "47b576a8511f563d"],
        ["Mathlib.Tactic.FieldSimp transitive imports (legacy)",
         "885a3eb434c451d8"],
        ["Mathlib.Tactic.FieldSimp:importAllArts", "39999d771b434d31"],
        ["Mathlib.Tactic.Linarith transitive imports (legacy)",
         "d4e050d39cfb7339"],
        ["Mathlib.Tactic.Linarith:importAllArts", "1e65c60dc1c38884"],
        ["CoAI.Concentration transitive imports (legacy)", "f00cf695c2c1e9a3"],
        ["CoAI.Concentration:importAllArts", "1ffa6d3dc045bb61"]]]]],
    ["libs",
     [["import dynlibs", "00000000000006bb"],
      ["package external libraries", "00000000000006bb"],
      ["module dynlibs", "00000000000006bb"],
      ["module plugins", "00000000000006bb"]]]]],
  ["Lean 4.29.0, commit 985f350dcd18fc7814dfa677cac09933f44f3215",
   "25953b0996e8f9b7"],
  ["C:\\Users\\admin\\OneDrive\\Desktop\\CoAI Operandics Discovery Engine\\coai_project_experimental\\CoAI\\NormalizedAttention.lean",
   "ff937f634fc6524d"],
  ["options", "00000000000006bb"],
  ["isModule: false", "feefd2a0d3a1847e"],
  ["Module.name: CoAI.NormalizedAttention", "be5c4fe6cb3d45c1"],
  ["Package.id?: (some coai)", "d15b25c50806f227"],
  ["Module.leanArgs: #[]", "00000000000006bb"]],
 "depHash": "3780fb34ef654887"}