{"synthetic": false,
 "schemaVersion": "2025-09-10",
 "outputs":
 {"o": ["2345b9384afec76f.olean"],
  "i": "8bc753758ee7861c.ilean",
  "c": "518b56e9ae36b189.c"},
 "log":
 [{"message":
   ".> LEAN_PATH=C:\\Users\\admin\\OneDrive\\Desktop\\CoAI Operandics Discovery Engine\\coai_project\\.lake\\packages\\Cli\\.lake\\build\\lib\\lean;C:\\Users\\admin\\OneDrive\\Desktop\\CoAI Operandics Discovery Engine\\coai_project\\.lake\\packages\\batteries\\.lake\\build\\lib\\lean;C:\\Users\\admin\\OneDrive\\Desktop\\CoAI Operandics Discovery Engine\\coai_project\\.lake\\packages\\Qq\\.lake\\build\\lib\\lean;C:\\Users\\admin\\OneDrive\\Desktop\\CoAI Operandics Discovery Engine\\coai_project\\.lake\\packages\\aesop\\.lake\\build\\lib\\lean;C:\\Users\\admin\\OneDrive\\Desktop\\CoAI Operandics Discovery Engine\\coai_project\\.lake\\packages\\proofwidgets\\.lake\\build\\lib\\lean;C:\\Users\\admin\\OneDrive\\Desktop\\CoAI Operandics Discovery Engine\\coai_project\\.lake\\packages\\importGraph\\.lake\\build\\lib\\lean;C:\\Users\\admin\\OneDrive\\Desktop\\CoAI Operandics Discovery Engine\\coai_project\\.lake\\packages\\LeanSearchClient\\.lake\\build\\lib\\lean;C:\\Users\\admin\\OneDrive\\Desktop\\CoAI Operandics Discovery Engine\\coai_project\\.lake\\packages\\plausible\\.lake\\build\\lib\\lean;C:\\Users\\admin\\OneDrive\\Desktop\\CoAI Operandics Discovery Engine\\coai_project\\.lake\\packages\\mathlib\\.lake\\build\\lib\\lean;C:\\Users\\admin\\OneDrive\\Desktop\\CoAI Operandics Discovery Engine\\coai_project\\.lake\\build\\lib\\lean c:\\Users\\admin\\.elan\\toolchains\\leanprover--lean4---v4.29.0-rc1\\bin\\lean.exe C:\\Users\\admin\\OneDrive\\Desktop\\CoAI Operandics Discovery Engine\\coai_project\\CoAI\\ProbabilisticAttention.lean -o C:\\Users\\admin\\OneDrive\\Desktop\\CoAI Operandics Discovery Engine\\coai_project\\.lake\\build\\lib\\lean\\CoAI\\ProbabilisticAttention.olean -i C:\\Users\\admin\\OneDrive\\Desktop\\CoAI Operandics Discovery Engine\\coai_project\\.lake\\build\\lib\\lean\\CoAI\\ProbabilisticAttention.ilean -c C:\\Users\\admin\\OneDrive\\Desktop\\CoAI Operandics Discovery Engine\\coai_project\\.lake\\build\\ir\\CoAI\\ProbabilisticAttention.c --setup C:\\Users\\admin\\OneDrive\\Desktop\\CoAI Operandics Discovery Engine\\coai_project\\.lake\\build\\ir\\CoAI\\ProbabilisticAttention.setup.json --json",
   "level": "trace"},
  {"message":
   "CoAI/ProbabilisticAttention.lean:32:0: automatically included section variable(s) unused in theorem `StochasticAttention.attnKernel_factorize`:\n  [Fintype D]\n  [Fintype Dv]\n  [DecidableEq N]\n  [DecidableEq D]\n  [DecidableEq R]\n  [DecidableEq Dv]\nconsider restructuring your `variable` declarations so that the variables are not in scope or explicitly omit them:\n  omit [Fintype D] [Fintype Dv] [DecidableEq N] [DecidableEq D] [DecidableEq R] [DecidableEq Dv] in theorem ...\n\nNote: This linter can be disabled with `set_option linter.unusedSectionVars false`",
   "level": "warning"},
  {"message":
   "CoAI/ProbabilisticAttention.lean:54:0: automatically included section variable(s) unused in theorem `StochasticAttention.expected_linear_eq_exact_softmax`:\n  [IsProbabilityMeasure volume]\nconsider restructuring your `variable` declarations so that the variables are not in scope or explicitly omit them:\n  omit [IsProbabilityMeasure volume] in theorem ...\n\nNote: This linter can be disabled with `set_option linter.unusedSectionVars false`",
   "level": "warning"}],
 "inputs":
 [["CoAI.ProbabilisticAttention:deps",
   [["deps",
     [["coai/CoAI:extraDep", [["@coai:extraDep", "00000000000006bb"]]],
      ["imports",
       [["Mathlib.MeasureTheory.Integral.Bochner.Basic transitive imports (legacy)",
         "8644462c010bcd4c"],
        ["Mathlib.MeasureTheory.Integral.Bochner.Basic:importAllArts",
         "57aa0f6f6ba047be"],
        ["Mathlib.Tactic.Positivity transitive imports (legacy)",
         "c8e2a7b8b988bc3c"],
        ["Mathlib.Tactic.Positivity:importAllArts", "47b576a8511f563d"],
        ["Mathlib.Data.Matrix.Basic transitive imports (legacy)",
         "9033b53197c11ce0"],
        ["Mathlib.Data.Matrix.Basic:importAllArts", "bf7e6c8fa6d6be52"]]]]],
    ["libs",
     [["import dynlibs", "00000000000006bb"],
      ["package external libraries", "00000000000006bb"],
      ["module dynlibs", "00000000000006bb"],
      ["module plugins", "00000000000006bb"]]]]],
  ["Lean 4.29.0, commit 985f350dcd18fc7814dfa677cac09933f44f3215",
   "25953b0996e8f9b7"],
  ["C:\\Users\\admin\\OneDrive\\Desktop\\CoAI Operandics Discovery Engine\\coai_project\\CoAI\\ProbabilisticAttention.lean",
   "d44eba883286faf2"],
  ["options", "00000000000006bb"],
  ["isModule: false", "feefd2a0d3a1847e"],
  ["Module.name: CoAI.ProbabilisticAttention", "76ebaaec6df0c06b"],
  ["Package.id?: (some coai)", "d15b25c50806f227"],
  ["Module.leanArgs: #[]", "00000000000006bb"]],
 "depHash": "f081ee43afd78633"}