{"synthetic": false,
 "schemaVersion": "2025-09-10",
 "outputs":
 {"o": ["95f815ba8462043e.olean"],
  "i": "be5bdd8091174aec.ilean",
  "c": "3e8f97bd1b781dfd.c"},
 "log":
 [{"message":
   ".> LEAN_PATH=C:\\Users\\admin\\OneDrive\\Desktop\\CoAI Operandics Discovery Engine\\coai_project\\.lake\\packages\\Cli\\.lake\\build\\lib\\lean;C:\\Users\\admin\\OneDrive\\Desktop\\CoAI Operandics Discovery Engine\\coai_project\\.lake\\packages\\batteries\\.lake\\build\\lib\\lean;C:\\Users\\admin\\OneDrive\\Desktop\\CoAI Operandics Discovery Engine\\coai_project\\.lake\\packages\\Qq\\.lake\\build\\lib\\lean;C:\\Users\\admin\\OneDrive\\Desktop\\CoAI Operandics Discovery Engine\\coai_project\\.lake\\packages\\aesop\\.lake\\build\\lib\\lean;C:\\Users\\admin\\OneDrive\\Desktop\\CoAI Operandics Discovery Engine\\coai_project\\.lake\\packages\\proofwidgets\\.lake\\build\\lib\\lean;C:\\Users\\admin\\OneDrive\\Desktop\\CoAI Operandics Discovery Engine\\coai_project\\.lake\\packages\\importGraph\\.lake\\build\\lib\\lean;C:\\Users\\admin\\OneDrive\\Desktop\\CoAI Operandics Discovery Engine\\coai_project\\.lake\\packages\\LeanSearchClient\\.lake\\build\\lib\\lean;C:\\Users\\admin\\OneDrive\\Desktop\\CoAI Operandics Discovery Engine\\coai_project\\.lake\\packages\\plausible\\.lake\\build\\lib\\lean;C:\\Users\\admin\\OneDrive\\Desktop\\CoAI Operandics Discovery Engine\\coai_project\\.lake\\packages\\mathlib\\.lake\\build\\lib\\lean;C:\\Users\\admin\\OneDrive\\Desktop\\CoAI Operandics Discovery Engine\\coai_project\\.lake\\build\\lib\\lean c:\\Users\\admin\\.elan\\toolchains\\leanprover--lean4---v4.29.0-rc1\\bin\\lean.exe C:\\Users\\admin\\OneDrive\\Desktop\\CoAI Operandics Discovery Engine\\coai_project\\Main.lean -o C:\\Users\\admin\\OneDrive\\Desktop\\CoAI Operandics Discovery Engine\\coai_project\\.lake\\build\\lib\\lean\\Main.olean -i C:\\Users\\admin\\OneDrive\\Desktop\\CoAI Operandics Discovery Engine\\coai_project\\.lake\\build\\lib\\lean\\Main.ilean -c C:\\Users\\admin\\OneDrive\\Desktop\\CoAI Operandics Discovery Engine\\coai_project\\.lake\\build\\ir\\Main.c --setup C:\\Users\\admin\\OneDrive\\Desktop\\CoAI Operandics Discovery Engine\\coai_project\\.lake\\build\\ir\\Main.setup.json --json",
   "level": "trace"}],
 "inputs":
 [["Main:deps",
   [["deps",
     [["coai/coai:extraDep", [["@coai:extraDep", "00000000000006bb"]]],
      ["imports",
       [["CoAI.Substrate transitive imports (legacy)", "2be3a10d7c8130de"],
        ["CoAI.Substrate:importAllArts", "88df6e3dfc264886"],
        ["CoAI.Composition transitive imports (legacy)", "2e9af48a81aff91b"],
        ["CoAI.Composition:importAllArts", "f62c1f436cf7cf04"],
        ["CoAI.Control transitive imports (legacy)", "ecf4298e30656eea"],
        ["CoAI.Control:importAllArts", "10fbcf4978b76d2d"],
        ["CoAI.Economics transitive imports (legacy)", "cfe48e908c238a50"],
        ["CoAI.Economics:importAllArts", "01f9903c61d79332"],
        ["CoAI.Example transitive imports (legacy)", "b0ee091e9d90c4d4"],
        ["CoAI.Example:importAllArts", "6df180438c23728d"],
        ["CoAI.LinearRouting transitive imports (legacy)", "36770582f9f5a788"],
        ["CoAI.LinearRouting:importAllArts", "99eff9a6642bfa4e"],
        ["CoAI.ExpectedRouting transitive imports (legacy)",
         "c04f06a6e67d7352"],
        ["CoAI.ExpectedRouting:importAllArts", "69037031de8f643d"]]]]],
    ["libs",
     [["import dynlibs", "00000000000006bb"],
      ["package external libraries", "00000000000006bb"],
      ["module dynlibs", "00000000000006bb"],
      ["module plugins", "00000000000006bb"]]]]],
  ["Lean 4.29.0, commit 985f350dcd18fc7814dfa677cac09933f44f3215",
   "25953b0996e8f9b7"],
  ["C:\\Users\\admin\\OneDrive\\Desktop\\CoAI Operandics Discovery Engine\\coai_project\\Main.lean",
   "95c41b506c62f06b"],
  ["options", "00000000000006bb"],
  ["isModule: false", "feefd2a0d3a1847e"],
  ["Module.name: Main", "f2a1fd945cf30c62"],
  ["Package.id?: (some coai)", "d15b25c50806f227"],
  ["Module.leanArgs: #[]", "00000000000006bb"]],
 "depHash": "e9fd046ac9d2c97f"}