{"synthetic": false,
 "schemaVersion": "2025-09-10",
 "outputs":
 {"o": ["83a240fb5f5b3adc.olean"],
  "i": "ba4d3dda42a76b72.ilean",
  "c": "5b1fdb074c6be7fa.c"},
 "log":
 [{"message":
   ".> LEAN_PATH=C:\\Users\\admin\\OneDrive\\Desktop\\CoAI Operandics Discovery Engine\\coai_project\\.lake\\packages\\Cli\\.lake\\build\\lib\\lean;C:\\Users\\admin\\OneDrive\\Desktop\\CoAI Operandics Discovery Engine\\coai_project\\.lake\\packages\\batteries\\.lake\\build\\lib\\lean;C:\\Users\\admin\\OneDrive\\Desktop\\CoAI Operandics Discovery Engine\\coai_project\\.lake\\packages\\Qq\\.lake\\build\\lib\\lean;C:\\Users\\admin\\OneDrive\\Desktop\\CoAI Operandics Discovery Engine\\coai_project\\.lake\\packages\\aesop\\.lake\\build\\lib\\lean;C:\\Users\\admin\\OneDrive\\Desktop\\CoAI Operandics Discovery Engine\\coai_project\\.lake\\packages\\proofwidgets\\.lake\\build\\lib\\lean;C:\\Users\\admin\\OneDrive\\Desktop\\CoAI Operandics Discovery Engine\\coai_project\\.lake\\packages\\importGraph\\.lake\\build\\lib\\lean;C:\\Users\\admin\\OneDrive\\Desktop\\CoAI Operandics Discovery Engine\\coai_project\\.lake\\packages\\LeanSearchClient\\.lake\\build\\lib\\lean;C:\\Users\\admin\\OneDrive\\Desktop\\CoAI Operandics Discovery Engine\\coai_project\\.lake\\packages\\plausible\\.lake\\build\\lib\\lean;C:\\Users\\admin\\OneDrive\\Desktop\\CoAI Operandics Discovery Engine\\coai_project\\.lake\\packages\\mathlib\\.lake\\build\\lib\\lean;C:\\Users\\admin\\OneDrive\\Desktop\\CoAI Operandics Discovery Engine\\coai_project\\.lake\\build\\lib\\lean c:\\Users\\admin\\.elan\\toolchains\\leanprover--lean4---v4.29.0-rc1\\bin\\lean.exe C:\\Users\\admin\\OneDrive\\Desktop\\CoAI Operandics Discovery Engine\\coai_project\\CoAI\\Composition.lean -o C:\\Users\\admin\\OneDrive\\Desktop\\CoAI Operandics Discovery Engine\\coai_project\\.lake\\build\\lib\\lean\\CoAI\\Composition.olean -i C:\\Users\\admin\\OneDrive\\Desktop\\CoAI Operandics Discovery Engine\\coai_project\\.lake\\build\\lib\\lean\\CoAI\\Composition.ilean -c C:\\Users\\admin\\OneDrive\\Desktop\\CoAI Operandics Discovery Engine\\coai_project\\.lake\\build\\ir\\CoAI\\Composition.c --setup C:\\Users\\admin\\OneDrive\\Desktop\\CoAI Operandics Discovery Engine\\coai_project\\.lake\\build\\ir\\CoAI\\Composition.setup.json --json",
   "level": "trace"}],
 "inputs":
 [["CoAI.Composition:deps",
   [["deps",
     [["coai/CoAI:extraDep", [["@coai:extraDep", "00000000000006bb"]]],
      ["imports",
       [["CoAI.Substrate transitive imports (legacy)", "2be3a10d7c8130de"],
        ["CoAI.Substrate:importAllArts", "88df6e3dfc264886"],
        ["Mathlib.Probability.ProbabilityMassFunction.Basic transitive imports (legacy)",
         "e1d83783b771e276"],
        ["Mathlib.Probability.ProbabilityMassFunction.Basic:importAllArts",
         "803222fb0eb5d45b"],
        ["Mathlib.Probability.ProbabilityMassFunction.Monad transitive imports (legacy)",
         "4947ef6232f11d99"],
        ["Mathlib.Probability.ProbabilityMassFunction.Monad:importAllArts",
         "11d969abf2372fab"],
        ["Mathlib.MeasureTheory.Measure.MeasureSpace transitive imports (legacy)",
         "344dd9fb4cbe65bd"],
        ["Mathlib.MeasureTheory.Measure.MeasureSpace:importAllArts",
         "2eeefa686e41ef1f"],
        ["Mathlib.Topology.Instances.ENNReal.Lemmas transitive imports (legacy)",
         "3a05e21ffdcb2b17"],
        ["Mathlib.Topology.Instances.ENNReal.Lemmas:importAllArts",
         "10e13746a0c43ea0"],
        ["Mathlib.Topology.Algebra.InfiniteSum.ENNReal transitive imports (legacy)",
         "77b0bccef55564bf"],
        ["Mathlib.Topology.Algebra.InfiniteSum.ENNReal:importAllArts",
         "e7097f6b597457f2"],
        ["Mathlib.Tactic.Linarith transitive imports (legacy)",
         "d4e050d39cfb7339"],
        ["Mathlib.Tactic.Linarith:importAllArts", "1e65c60dc1c38884"],
        ["Mathlib.Tactic.Ring transitive imports (legacy)", "0a5feb44dc0dadd9"],
        ["Mathlib.Tactic.Ring:importAllArts", "6c5fb64b55e46374"]]]]],
    ["libs",
     [["import dynlibs", "00000000000006bb"],
      ["package external libraries", "00000000000006bb"],
      ["module dynlibs", "00000000000006bb"],
      ["module plugins", "00000000000006bb"]]]]],
  ["Lean 4.29.0, commit 985f350dcd18fc7814dfa677cac09933f44f3215",
   "25953b0996e8f9b7"],
  ["C:\\Users\\admin\\OneDrive\\Desktop\\CoAI Operandics Discovery Engine\\coai_project\\CoAI\\Composition.lean",
   "570427027236494d"],
  ["options", "00000000000006bb"],
  ["isModule: false", "feefd2a0d3a1847e"],
  ["Module.name: CoAI.Composition", "a8c861703d4f4b42"],
  ["Package.id?: (some coai)", "d15b25c50806f227"],
  ["Module.leanArgs: #[]", "00000000000006bb"]],
 "depHash": "b32a9ac3c26cb9f0"}