{"synthetic": false,
 "schemaVersion": "2025-09-10",
 "outputs":
 {"o": ["26d8e6ef6b26164c.olean"],
  "i": "497292b3fb5413d1.ilean",
  "c": "b5a1fce51e6aaf4e.c"},
 "log":
 [{"message":
   ".> LEAN_PATH=C:\\Users\\admin\\OneDrive\\Desktop\\CoAI Operandics Discovery Engine\\coai_project\\.lake\\packages\\Cli\\.lake\\build\\lib\\lean;C:\\Users\\admin\\OneDrive\\Desktop\\CoAI Operandics Discovery Engine\\coai_project\\.lake\\packages\\batteries\\.lake\\build\\lib\\lean;C:\\Users\\admin\\OneDrive\\Desktop\\CoAI Operandics Discovery Engine\\coai_project\\.lake\\packages\\Qq\\.lake\\build\\lib\\lean;C:\\Users\\admin\\OneDrive\\Desktop\\CoAI Operandics Discovery Engine\\coai_project\\.lake\\packages\\aesop\\.lake\\build\\lib\\lean;C:\\Users\\admin\\OneDrive\\Desktop\\CoAI Operandics Discovery Engine\\coai_project\\.lake\\packages\\proofwidgets\\.lake\\build\\lib\\lean;C:\\Users\\admin\\OneDrive\\Desktop\\CoAI Operandics Discovery Engine\\coai_project\\.lake\\packages\\importGraph\\.lake\\build\\lib\\lean;C:\\Users\\admin\\OneDrive\\Desktop\\CoAI Operandics Discovery Engine\\coai_project\\.lake\\packages\\LeanSearchClient\\.lake\\build\\lib\\lean;C:\\Users\\admin\\OneDrive\\Desktop\\CoAI Operandics Discovery Engine\\coai_project\\.lake\\packages\\plausible\\.lake\\build\\lib\\lean;C:\\Users\\admin\\OneDrive\\Desktop\\CoAI Operandics Discovery Engine\\coai_project\\.lake\\packages\\mathlib\\.lake\\build\\lib\\lean;C:\\Users\\admin\\OneDrive\\Desktop\\CoAI Operandics Discovery Engine\\coai_project\\.lake\\build\\lib\\lean c:\\Users\\admin\\.elan\\toolchains\\leanprover--lean4---v4.29.0-rc1\\bin\\lean.exe C:\\Users\\admin\\OneDrive\\Desktop\\CoAI Operandics Discovery Engine\\coai_project\\CoAI\\Control.lean -o C:\\Users\\admin\\OneDrive\\Desktop\\CoAI Operandics Discovery Engine\\coai_project\\.lake\\build\\lib\\lean\\CoAI\\Control.olean -i C:\\Users\\admin\\OneDrive\\Desktop\\CoAI Operandics Discovery Engine\\coai_project\\.lake\\build\\lib\\lean\\CoAI\\Control.ilean -c C:\\Users\\admin\\OneDrive\\Desktop\\CoAI Operandics Discovery Engine\\coai_project\\.lake\\build\\ir\\CoAI\\Control.c --setup C:\\Users\\admin\\OneDrive\\Desktop\\CoAI Operandics Discovery Engine\\coai_project\\.lake\\build\\ir\\CoAI\\Control.setup.json --json",
   "level": "trace"}],
 "inputs":
 [["CoAI.Control:deps",
   [["deps",
     [["coai/CoAI:extraDep", [["@coai:extraDep", "00000000000006bb"]]],
      ["imports",
       [["Mathlib.Probability.ProbabilityMassFunction.Basic transitive imports (legacy)",
         "e1d83783b771e276"],
        ["Mathlib.Probability.ProbabilityMassFunction.Basic:importAllArts",
         "803222fb0eb5d45b"],
        ["Mathlib.Probability.ProbabilityMassFunction.Monad transitive imports (legacy)",
         "4947ef6232f11d99"],
        ["Mathlib.Probability.ProbabilityMassFunction.Monad:importAllArts",
         "11d969abf2372fab"],
        ["Mathlib.MeasureTheory.Measure.MeasureSpace transitive imports (legacy)",
         "344dd9fb4cbe65bd"],
        ["Mathlib.MeasureTheory.Measure.MeasureSpace:importAllArts",
         "2eeefa686e41ef1f"],
        ["Mathlib.MeasureTheory.Integral.Lebesgue.Markov transitive imports (legacy)",
         "c4fceac87f64177f"],
        ["Mathlib.MeasureTheory.Integral.Lebesgue.Markov:importAllArts",
         "7d73234415d4d3fe"],
        ["Mathlib.Topology.Instances.ENNReal.Lemmas transitive imports (legacy)",
         "3a05e21ffdcb2b17"],
        ["Mathlib.Topology.Instances.ENNReal.Lemmas:importAllArts",
         "10e13746a0c43ea0"],
        ["Mathlib.Tactic.Linarith transitive imports (legacy)",
         "d4e050d39cfb7339"],
        ["Mathlib.Tactic.Linarith:importAllArts", "1e65c60dc1c38884"],
        ["Mathlib.Data.Real.Basic transitive imports (legacy)",
         "686ccc9486fc19c8"],
        ["Mathlib.Data.Real.Basic:importAllArts", "a6c26d33aa0b607c"],
        ["Mathlib.Probability.Martingale.Basic transitive imports (legacy)",
         "af13dada8d5259fd"],
        ["Mathlib.Probability.Martingale.Basic:importAllArts",
         "0d0090f038b04303"],
        ["Mathlib.Probability.Process.Stopping transitive imports (legacy)",
         "84b6ac6d685d1c60"],
        ["Mathlib.Probability.Process.Stopping:importAllArts",
         "70b98a1a37f6c64f"],
        ["Mathlib.Probability.Process.HittingTime transitive imports (legacy)",
         "c071c1d8861604d9"],
        ["Mathlib.Probability.Process.HittingTime:importAllArts",
         "c6046c38dbe1bc1c"],
        ["Mathlib.Probability.Martingale.OptionalStopping transitive imports (legacy)",
         "fd8eac193533a1ad"],
        ["Mathlib.Probability.Martingale.OptionalStopping:importAllArts",
         "d475f2e9c8bc524d"]]]]],
    ["libs",
     [["import dynlibs", "00000000000006bb"],
      ["package external libraries", "00000000000006bb"],
      ["module dynlibs", "00000000000006bb"],
      ["module plugins", "00000000000006bb"]]]]],
  ["Lean 4.29.0, commit 985f350dcd18fc7814dfa677cac09933f44f3215",
   "25953b0996e8f9b7"],
  ["C:\\Users\\admin\\OneDrive\\Desktop\\CoAI Operandics Discovery Engine\\coai_project\\CoAI\\Control.lean",
   "036219ba9818a3a0"],
  ["options", "00000000000006bb"],
  ["isModule: false", "feefd2a0d3a1847e"],
  ["Module.name: CoAI.Control", "d35ff0a093e15433"],
  ["Package.id?: (some coai)", "d15b25c50806f227"],
  ["Module.leanArgs: #[]", "00000000000006bb"]],
 "depHash": "d37bac48462227ad"}