{"synthetic": false,
 "schemaVersion": "2025-09-10",
 "outputs":
 {"o": ["cb9e5e0899eb4fc1.olean"],
  "i": "a0cc2a7caf97bc91.ilean",
  "c": "6f3f480d2a277cbc.c"},
 "log":
 [{"message":
   ".> LEAN_PATH=C:\\Users\\admin\\OneDrive\\Desktop\\CoAI Operandics Discovery Engine\\coai_project\\.lake\\packages\\Cli\\.lake\\build\\lib\\lean;C:\\Users\\admin\\OneDrive\\Desktop\\CoAI Operandics Discovery Engine\\coai_project\\.lake\\packages\\batteries\\.lake\\build\\lib\\lean;C:\\Users\\admin\\OneDrive\\Desktop\\CoAI Operandics Discovery Engine\\coai_project\\.lake\\packages\\Qq\\.lake\\build\\lib\\lean;C:\\Users\\admin\\OneDrive\\Desktop\\CoAI Operandics Discovery Engine\\coai_project\\.lake\\packages\\aesop\\.lake\\build\\lib\\lean;C:\\Users\\admin\\OneDrive\\Desktop\\CoAI Operandics Discovery Engine\\coai_project\\.lake\\packages\\proofwidgets\\.lake\\build\\lib\\lean;C:\\Users\\admin\\OneDrive\\Desktop\\CoAI Operandics Discovery Engine\\coai_project\\.lake\\packages\\importGraph\\.lake\\build\\lib\\lean;C:\\Users\\admin\\OneDrive\\Desktop\\CoAI Operandics Discovery Engine\\coai_project\\.lake\\packages\\LeanSearchClient\\.lake\\build\\lib\\lean;C:\\Users\\admin\\OneDrive\\Desktop\\CoAI Operandics Discovery Engine\\coai_project\\.lake\\packages\\plausible\\.lake\\build\\lib\\lean;C:\\Users\\admin\\OneDrive\\Desktop\\CoAI Operandics Discovery Engine\\coai_project\\.lake\\packages\\mathlib\\.lake\\build\\lib\\lean;C:\\Users\\admin\\OneDrive\\Desktop\\CoAI Operandics Discovery Engine\\coai_project\\.lake\\build\\lib\\lean c:\\Users\\admin\\.elan\\toolchains\\leanprover--lean4---v4.29.0-rc1\\bin\\lean.exe C:\\Users\\admin\\OneDrive\\Desktop\\CoAI Operandics Discovery Engine\\coai_project\\CoAI\\Economics.lean -o C:\\Users\\admin\\OneDrive\\Desktop\\CoAI Operandics Discovery Engine\\coai_project\\.lake\\build\\lib\\lean\\CoAI\\Economics.olean -i C:\\Users\\admin\\OneDrive\\Desktop\\CoAI Operandics Discovery Engine\\coai_project\\.lake\\build\\lib\\lean\\CoAI\\Economics.ilean -c C:\\Users\\admin\\OneDrive\\Desktop\\CoAI Operandics Discovery Engine\\coai_project\\.lake\\build\\ir\\CoAI\\Economics.c --setup C:\\Users\\admin\\OneDrive\\Desktop\\CoAI Operandics Discovery Engine\\coai_project\\.lake\\build\\ir\\CoAI\\Economics.setup.json --json",
   "level": "trace"}],
 "inputs":
 [["CoAI.Economics:deps",
   [["deps",
     [["coai/CoAI:extraDep", [["@coai:extraDep", "00000000000006bb"]]],
      ["imports",
       [["Mathlib.Data.Real.Basic transitive imports (legacy)",
         "686ccc9486fc19c8"],
        ["Mathlib.Data.Real.Basic:importAllArts", "a6c26d33aa0b607c"],
        ["Mathlib.Tactic.Linarith transitive imports (legacy)",
         "d4e050d39cfb7339"],
        ["Mathlib.Tactic.Linarith:importAllArts", "1e65c60dc1c38884"],
        ["Mathlib.Tactic.Ring transitive imports (legacy)", "0a5feb44dc0dadd9"],
        ["Mathlib.Tactic.Ring:importAllArts", "6c5fb64b55e46374"]]]]],
    ["libs",
     [["import dynlibs", "00000000000006bb"],
      ["package external libraries", "00000000000006bb"],
      ["module dynlibs", "00000000000006bb"],
      ["module plugins", "00000000000006bb"]]]]],
  ["Lean 4.29.0, commit 985f350dcd18fc7814dfa677cac09933f44f3215",
   "25953b0996e8f9b7"],
  ["C:\\Users\\admin\\OneDrive\\Desktop\\CoAI Operandics Discovery Engine\\coai_project\\CoAI\\Economics.lean",
   "12115ad8ff9a0e0a"],
  ["options", "00000000000006bb"],
  ["isModule: false", "feefd2a0d3a1847e"],
  ["Module.name: CoAI.Economics", "87886572afe6e7d8"],
  ["Package.id?: (some coai)", "d15b25c50806f227"],
  ["Module.leanArgs: #[]", "00000000000006bb"]],
 "depHash": "7a35df6e95051d8e"}