{"synthetic": false,
 "schemaVersion": "2025-09-10",
 "outputs":
 {"o": ["d10860e367f93156.olean"],
  "i": "b71ed6a240af8325.ilean",
  "c": "449cd1e8c164e238.c"},
 "log":
 [{"message":
   ".> LEAN_PATH=C:\\Users\\admin\\OneDrive\\Desktop\\CoAI Operandics Discovery Engine\\coai_project\\.lake\\packages\\Cli\\.lake\\build\\lib\\lean;C:\\Users\\admin\\OneDrive\\Desktop\\CoAI Operandics Discovery Engine\\coai_project\\.lake\\packages\\batteries\\.lake\\build\\lib\\lean;C:\\Users\\admin\\OneDrive\\Desktop\\CoAI Operandics Discovery Engine\\coai_project\\.lake\\packages\\Qq\\.lake\\build\\lib\\lean;C:\\Users\\admin\\OneDrive\\Desktop\\CoAI Operandics Discovery Engine\\coai_project\\.lake\\packages\\aesop\\.lake\\build\\lib\\lean;C:\\Users\\admin\\OneDrive\\Desktop\\CoAI Operandics Discovery Engine\\coai_project\\.lake\\packages\\proofwidgets\\.lake\\build\\lib\\lean;C:\\Users\\admin\\OneDrive\\Desktop\\CoAI Operandics Discovery Engine\\coai_project\\.lake\\packages\\importGraph\\.lake\\build\\lib\\lean;C:\\Users\\admin\\OneDrive\\Desktop\\CoAI Operandics Discovery Engine\\coai_project\\.lake\\packages\\LeanSearchClient\\.lake\\build\\lib\\lean;C:\\Users\\admin\\OneDrive\\Desktop\\CoAI Operandics Discovery Engine\\coai_project\\.lake\\packages\\plausible\\.lake\\build\\lib\\lean;C:\\Users\\admin\\OneDrive\\Desktop\\CoAI Operandics Discovery Engine\\coai_project\\.lake\\packages\\mathlib\\.lake\\build\\lib\\lean;C:\\Users\\admin\\OneDrive\\Desktop\\CoAI Operandics Discovery Engine\\coai_project\\.lake\\build\\lib\\lean c:\\Users\\admin\\.elan\\toolchains\\leanprover--lean4---v4.29.0-rc1\\bin\\lean.exe C:\\Users\\admin\\OneDrive\\Desktop\\CoAI Operandics Discovery Engine\\coai_project\\CoAI\\FAVOR.lean -o C:\\Users\\admin\\OneDrive\\Desktop\\CoAI Operandics Discovery Engine\\coai_project\\.lake\\build\\lib\\lean\\CoAI\\FAVOR.olean -i C:\\Users\\admin\\OneDrive\\Desktop\\CoAI Operandics Discovery Engine\\coai_project\\.lake\\build\\lib\\lean\\CoAI\\FAVOR.ilean -c C:\\Users\\admin\\OneDrive\\Desktop\\CoAI Operandics Discovery Engine\\coai_project\\.lake\\build\\ir\\CoAI\\FAVOR.c --setup C:\\Users\\admin\\OneDrive\\Desktop\\CoAI Operandics Discovery Engine\\coai_project\\.lake\\build\\ir\\CoAI\\FAVOR.setup.json --json",
   "level": "trace"},
  {"message":
   "CoAI/FAVOR.lean:97:18: 'congr 1' tactic does nothing\n\nNote: This linter can be disabled with `set_option linter.unusedTactic false`",
   "level": "warning"}],
 "inputs":
 [["CoAI.FAVOR:deps",
   [["deps",
     [["coai/CoAI:extraDep", [["@coai:extraDep", "00000000000006bb"]]],
      ["imports",
       [["Mathlib.MeasureTheory.Integral.Bochner.Basic transitive imports (legacy)",
         "8644462c010bcd4c"],
        ["Mathlib.MeasureTheory.Integral.Bochner.Basic:importAllArts",
         "57aa0f6f6ba047be"],
        ["Mathlib.Probability.Notation transitive imports (legacy)",
         "67a3854f808c32d4"],
        ["Mathlib.Probability.Notation:importAllArts", "f4dc4d379115b5fa"],
        ["Mathlib.Analysis.SpecialFunctions.Exponential transitive imports (legacy)",
         "1b7f6a6603e9874e"],
        ["Mathlib.Analysis.SpecialFunctions.Exponential:importAllArts",
         "bbd066692f5e1877"],
        ["Mathlib.Analysis.SpecialFunctions.Trigonometric.Basic transitive imports (legacy)",
         "43604f90df20d72b"],
        ["Mathlib.Analysis.SpecialFunctions.Trigonometric.Basic:importAllArts",
         "7f09dc7876d821f0"],
        ["Mathlib.Analysis.InnerProductSpace.Basic transitive imports (legacy)",
         "7c1981da2a10e22b"],
        ["Mathlib.Analysis.InnerProductSpace.Basic:importAllArts",
         "837dee5fecb45f01"],
        ["Mathlib.Data.Fin.Basic transitive imports (legacy)",
         "d0aa26637cd86a59"],
        ["Mathlib.Data.Fin.Basic:importAllArts", "c6552f21f6e691cd"],
        ["Mathlib.Tactic.Positivity transitive imports (legacy)",
         "c8e2a7b8b988bc3c"],
        ["Mathlib.Tactic.Positivity:importAllArts", "47b576a8511f563d"],
        ["CoAI.GaussianCharFun transitive imports (legacy)",
         "ca32f7545a603212"],
        ["CoAI.GaussianCharFun:importAllArts", "fbd92181a4f02efe"]]]]],
    ["libs",
     [["import dynlibs", "00000000000006bb"],
      ["package external libraries", "00000000000006bb"],
      ["module dynlibs", "00000000000006bb"],
      ["module plugins", "00000000000006bb"]]]]],
  ["Lean 4.29.0, commit 985f350dcd18fc7814dfa677cac09933f44f3215",
   "25953b0996e8f9b7"],
  ["C:\\Users\\admin\\OneDrive\\Desktop\\CoAI Operandics Discovery Engine\\coai_project\\CoAI\\FAVOR.lean",
   "9062713efa696098"],
  ["options", "00000000000006bb"],
  ["isModule: false", "feefd2a0d3a1847e"],
  ["Module.name: CoAI.FAVOR", "1ba89e6600460d45"],
  ["Package.id?: (some coai)", "d15b25c50806f227"],
  ["Module.leanArgs: #[]", "00000000000006bb"]],
 "depHash": "6068c0889f717557"}