{"synthetic": false,
 "schemaVersion": "2025-09-10",
 "outputs":
 {"o": ["2f13b8deff52d0ea.olean"],
  "i": "ca2bee52f1a2d2c8.ilean",
  "c": "3ab18f55eb9689ba.c"},
 "log":
 [{"message":
   ".> LEAN_PATH=C:\\Users\\admin\\OneDrive\\Desktop\\CoAI Operandics Discovery Engine\\coai_project\\.lake\\packages\\Cli\\.lake\\build\\lib\\lean;C:\\Users\\admin\\OneDrive\\Desktop\\CoAI Operandics Discovery Engine\\coai_project\\.lake\\packages\\batteries\\.lake\\build\\lib\\lean;C:\\Users\\admin\\OneDrive\\Desktop\\CoAI Operandics Discovery Engine\\coai_project\\.lake\\packages\\Qq\\.lake\\build\\lib\\lean;C:\\Users\\admin\\OneDrive\\Desktop\\CoAI Operandics Discovery Engine\\coai_project\\.lake\\packages\\aesop\\.lake\\build\\lib\\lean;C:\\Users\\admin\\OneDrive\\Desktop\\CoAI Operandics Discovery Engine\\coai_project\\.lake\\packages\\proofwidgets\\.lake\\build\\lib\\lean;C:\\Users\\admin\\OneDrive\\Desktop\\CoAI Operandics Discovery Engine\\coai_project\\.lake\\packages\\importGraph\\.lake\\build\\lib\\lean;C:\\Users\\admin\\OneDrive\\Desktop\\CoAI Operandics Discovery Engine\\coai_project\\.lake\\packages\\LeanSearchClient\\.lake\\build\\lib\\lean;C:\\Users\\admin\\OneDrive\\Desktop\\CoAI Operandics Discovery Engine\\coai_project\\.lake\\packages\\plausible\\.lake\\build\\lib\\lean;C:\\Users\\admin\\OneDrive\\Desktop\\CoAI Operandics Discovery Engine\\coai_project\\.lake\\packages\\mathlib\\.lake\\build\\lib\\lean;C:\\Users\\admin\\OneDrive\\Desktop\\CoAI Operandics Discovery Engine\\coai_project\\.lake\\build\\lib\\lean c:\\Users\\admin\\.elan\\toolchains\\leanprover--lean4---v4.29.0-rc1\\bin\\lean.exe C:\\Users\\admin\\OneDrive\\Desktop\\CoAI Operandics Discovery Engine\\coai_project\\CoAI\\GaussianCharFun.lean -o C:\\Users\\admin\\OneDrive\\Desktop\\CoAI Operandics Discovery Engine\\coai_project\\.lake\\build\\lib\\lean\\CoAI\\GaussianCharFun.olean -i C:\\Users\\admin\\OneDrive\\Desktop\\CoAI Operandics Discovery Engine\\coai_project\\.lake\\build\\lib\\lean\\CoAI\\GaussianCharFun.ilean -c C:\\Users\\admin\\OneDrive\\Desktop\\CoAI Operandics Discovery Engine\\coai_project\\.lake\\build\\ir\\CoAI\\GaussianCharFun.c --setup C:\\Users\\admin\\OneDrive\\Desktop\\CoAI Operandics Discovery Engine\\coai_project\\.lake\\build\\ir\\CoAI\\GaussianCharFun.setup.json --json",
   "level": "trace"},
  {"message": "CoAI/GaussianCharFun.lean:40:8: declaration uses `sorry`",
   "level": "warning"},
  {"message":
   "CoAI/GaussianCharFun.lean:46:13: This simp argument is unused:\n  mul_zero\n\nHint: Omit it from the simp argument list.\n  simp only [m̵u̵l̵_̵zero,̵ ̵z̵e̵r̵o̵_mul, NNReal.coe_one, one_mul, zero_sub] at hcf\n\nNote: This linter can be disabled with `set_option linter.unusedSimpArgs false`",
   "level": "warning"},
  {"message":
   "CoAI/GaussianCharFun.lean:46:23: This simp argument is unused:\n  zero_mul\n\nHint: Omit it from the simp argument list.\n  simp only [mul_zero, z̵e̵r̵o̵_̵m̵u̵l̵,̵ ̵NNReal.coe_one, one_mul, zero_sub] at hcf\n\nNote: This linter can be disabled with `set_option linter.unusedSimpArgs false`",
   "level": "warning"},
  {"message":
   "CoAI/GaussianCharFun.lean:46:49: This simp argument is unused:\n  one_mul\n\nHint: Omit it from the simp argument list.\n  simp only [mul_zero, zero_mul, NNReal.coe_one, o̵n̵e̵_̵m̵u̵l̵,̵ ̵zero_sub] at hcf\n\nNote: This linter can be disabled with `set_option linter.unusedSimpArgs false`",
   "level": "warning"},
  {"message":
   "CoAI/GaussianCharFun.lean:46:58: This simp argument is unused:\n  zero_sub\n\nHint: Omit it from the simp argument list.\n  simp only [mul_zero, zero_mul, NNReal.coe_one, one_mul,̵ ̵z̵e̵r̵o̵_̵s̵u̵b̵] at hcf\n\nNote: This linter can be disabled with `set_option linter.unusedSimpArgs false`",
   "level": "warning"},
  {"message": "CoAI/GaussianCharFun.lean:67:8: declaration uses `sorry`",
   "level": "warning"}],
 "inputs":
 [["CoAI.GaussianCharFun:deps",
   [["deps",
     [["coai/CoAI:extraDep", [["@coai:extraDep", "00000000000006bb"]]],
      ["imports",
       [["Mathlib.Probability.Distributions.Gaussian.Real transitive imports (legacy)",
         "7a95380e4897c827"],
        ["Mathlib.Probability.Distributions.Gaussian.Real:importAllArts",
         "0dbde9454d07bb02"],
        ["Mathlib.Analysis.InnerProductSpace.Basic transitive imports (legacy)",
         "7c1981da2a10e22b"],
        ["Mathlib.Analysis.InnerProductSpace.Basic:importAllArts",
         "837dee5fecb45f01"],
        ["Mathlib.Analysis.SpecialFunctions.Trigonometric.Basic transitive imports (legacy)",
         "43604f90df20d72b"],
        ["Mathlib.Analysis.SpecialFunctions.Trigonometric.Basic:importAllArts",
         "7f09dc7876d821f0"]]]]],
    ["libs",
     [["import dynlibs", "00000000000006bb"],
      ["package external libraries", "00000000000006bb"],
      ["module dynlibs", "00000000000006bb"],
      ["module plugins", "00000000000006bb"]]]]],
  ["Lean 4.29.0, commit 985f350dcd18fc7814dfa677cac09933f44f3215",
   "25953b0996e8f9b7"],
  ["C:\\Users\\admin\\OneDrive\\Desktop\\CoAI Operandics Discovery Engine\\coai_project\\CoAI\\GaussianCharFun.lean",
   "e06bce808ae4f12f"],
  ["options", "00000000000006bb"],
  ["isModule: false", "feefd2a0d3a1847e"],
  ["Module.name: CoAI.GaussianCharFun", "44f9f551340da9a9"],
  ["Package.id?: (some coai)", "d15b25c50806f227"],
  ["Module.leanArgs: #[]", "00000000000006bb"]],
 "depHash": "59416e5eab99713f"}